<?xml version="1.0" encoding="UTF-8"?><testrun name="UserXMLTest.devoFazerPesquisasAvancadasComXpath" project="CursoRest" tests="1" started="1" failures="1" errors="0" ignored="0">
  <testcase name="devoFazerPesquisasAvancadasComXpath" classname="br.ce.rodrigo.rest.UserXMLTest" time="1.466">
    <failure>java.lang.AssertionError: 2 expectations failed.
Expected: an XML document with XPath count(/users/user)
  Actual: &lt;?xml version="1.0" encoding="UTF-8"?&gt;
&lt;users&gt;
    &lt;user id="1"&gt;
        &lt;name&gt;João da Silva&lt;/name&gt;
        &lt;age&gt;30&lt;/age&gt;
        &lt;salary&gt;1234.5678&lt;/salary&gt;
    &lt;/user&gt;
    &lt;user id="2"&gt;
        &lt;name&gt;Maria Joaquina&lt;/name&gt;
        &lt;age&gt;25&lt;/age&gt;
        &lt;salary&gt;2500&lt;/salary&gt;
        &lt;endereco&gt;
            &lt;rua&gt;Rua dos bobos&lt;/rua&gt;
            &lt;numero&gt;0&lt;/numero&gt;
        &lt;/endereco&gt;
    &lt;/user&gt;
    &lt;user id="3"&gt;
        &lt;name&gt;Ana Julia&lt;/name&gt;
        &lt;age&gt;20&lt;/age&gt;
        &lt;filhos&gt;
            &lt;name&gt;Zezinho&lt;/name&gt;
            &lt;name&gt;Luizinho&lt;/name&gt;
        &lt;/filhos&gt;
    &lt;/user&gt;
&lt;/users&gt;

Response body doesn't match expectation.
Expected: is &lt;3&gt;
  Actual: &lt;?xml version="1.0" encoding="UTF-8"?&gt;
&lt;users&gt;
    &lt;user id="1"&gt;
        &lt;name&gt;João da Silva&lt;/name&gt;
        &lt;age&gt;30&lt;/age&gt;
        &lt;salary&gt;1234.5678&lt;/salary&gt;
    &lt;/user&gt;
    &lt;user id="2"&gt;
        &lt;name&gt;Maria Joaquina&lt;/name&gt;
        &lt;age&gt;25&lt;/age&gt;
        &lt;salary&gt;2500&lt;/salary&gt;
        &lt;endereco&gt;
            &lt;rua&gt;Rua dos bobos&lt;/rua&gt;
            &lt;numero&gt;0&lt;/numero&gt;
        &lt;/endereco&gt;
    &lt;/user&gt;
    &lt;user id="3"&gt;
        &lt;name&gt;Ana Julia&lt;/name&gt;
        &lt;age&gt;20&lt;/age&gt;
        &lt;filhos&gt;
            &lt;name&gt;Zezinho&lt;/name&gt;
            &lt;name&gt;Luizinho&lt;/name&gt;
        &lt;/filhos&gt;
    &lt;/user&gt;
&lt;/users&gt;

	at sun.reflect.NativeConstructorAccessorImpl.newInstance0(Native Method)
	at sun.reflect.NativeConstructorAccessorImpl.newInstance(NativeConstructorAccessorImpl.java:62)
	at sun.reflect.DelegatingConstructorAccessorImpl.newInstance(DelegatingConstructorAccessorImpl.java:45)
	at java.lang.reflect.Constructor.newInstance(Constructor.java:423)
	at org.codehaus.groovy.reflection.CachedConstructor.invoke(CachedConstructor.java:80)
	at org.codehaus.groovy.reflection.CachedConstructor.doConstructorInvoke(CachedConstructor.java:74)
	at org.codehaus.groovy.runtime.callsite.ConstructorSite$ConstructorSiteNoUnwrap.callConstructor(ConstructorSite.java:84)
	at org.codehaus.groovy.runtime.callsite.CallSiteArray.defaultCallConstructor(CallSiteArray.java:59)
	at org.codehaus.groovy.runtime.callsite.AbstractCallSite.callConstructor(AbstractCallSite.java:237)
	at org.codehaus.groovy.runtime.callsite.AbstractCallSite.callConstructor(AbstractCallSite.java:249)
	at io.restassured.internal.ResponseSpecificationImpl$HamcrestAssertionClosure.validate(ResponseSpecificationImpl.groovy:492)
	at io.restassured.internal.ResponseSpecificationImpl$HamcrestAssertionClosure$validate$1.call(Unknown Source)
	at io.restassured.internal.ResponseSpecificationImpl.validateResponseIfRequired(ResponseSpecificationImpl.groovy:655)
	at sun.reflect.NativeMethodAccessorImpl.invoke0(Native Method)
	at sun.reflect.NativeMethodAccessorImpl.invoke(NativeMethodAccessorImpl.java:62)
	at sun.reflect.DelegatingMethodAccessorImpl.invoke(DelegatingMethodAccessorImpl.java:43)
	at java.lang.reflect.Method.invoke(Method.java:498)
	at org.codehaus.groovy.runtime.callsite.PlainObjectMetaMethodSite.doInvoke(PlainObjectMetaMethodSite.java:43)
	at org.codehaus.groovy.runtime.callsite.PogoMetaMethodSite$PogoCachedMethodSiteNoUnwrapNoCoerce.invoke(PogoMetaMethodSite.java:190)
	at org.codehaus.groovy.runtime.callsite.PogoMetaMethodSite.callCurrent(PogoMetaMethodSite.java:58)
	at org.codehaus.groovy.runtime.callsite.CallSiteArray.defaultCallCurrent(CallSiteArray.java:51)
	at org.codehaus.groovy.runtime.callsite.AbstractCallSite.callCurrent(AbstractCallSite.java:156)
	at org.codehaus.groovy.runtime.callsite.AbstractCallSite.callCurrent(AbstractCallSite.java:168)
	at io.restassured.internal.ResponseSpecificationImpl.body(ResponseSpecificationImpl.groovy:97)
	at io.restassured.internal.ValidatableResponseOptionsImpl.body(ValidatableResponseOptionsImpl.java:238)
	at io.restassured.internal.ValidatableResponseImpl.super$2$body(ValidatableResponseImpl.groovy)
	at sun.reflect.NativeMethodAccessorImpl.invoke0(Native Method)
	at sun.reflect.NativeMethodAccessorImpl.invoke(NativeMethodAccessorImpl.java:62)
	at sun.reflect.DelegatingMethodAccessorImpl.invoke(DelegatingMethodAccessorImpl.java:43)
	at java.lang.reflect.Method.invoke(Method.java:498)
	at org.codehaus.groovy.reflection.CachedMethod.invoke(CachedMethod.java:101)
	at groovy.lang.MetaMethod.doMethodInvoke(MetaMethod.java:323)
	at groovy.lang.MetaClassImpl.invokeMethod(MetaClassImpl.java:1217)
	at org.codehaus.groovy.runtime.ScriptBytecodeAdapter.invokeMethodOnSuperN(ScriptBytecodeAdapter.java:144)
	at io.restassured.internal.ValidatableResponseImpl.body(ValidatableResponseImpl.groovy:293)
	at io.restassured.internal.ValidatableResponseImpl.body(ValidatableResponseImpl.groovy)
	at br.ce.rodrigo.rest.UserXMLTest.devoFazerPesquisasAvancadasComXpath(UserXMLTest.java:99)
	at sun.reflect.NativeMethodAccessorImpl.invoke0(Native Method)
	at sun.reflect.NativeMethodAccessorImpl.invoke(NativeMethodAccessorImpl.java:62)
	at sun.reflect.DelegatingMethodAccessorImpl.invoke(DelegatingMethodAccessorImpl.java:43)
	at java.lang.reflect.Method.invoke(Method.java:498)
	at org.junit.runners.model.FrameworkMethod$1.runReflectiveCall(FrameworkMethod.java:50)
	at org.junit.internal.runners.model.ReflectiveCallable.run(ReflectiveCallable.java:12)
	at org.junit.runners.model.FrameworkMethod.invokeExplosively(FrameworkMethod.java:47)
	at org.junit.internal.runners.statements.InvokeMethod.evaluate(InvokeMethod.java:17)
	at org.junit.runners.ParentRunner.runLeaf(ParentRunner.java:325)
	at org.junit.runners.BlockJUnit4ClassRunner.runChild(BlockJUnit4ClassRunner.java:78)
	at org.junit.runners.BlockJUnit4ClassRunner.runChild(BlockJUnit4ClassRunner.java:57)
	at org.junit.runners.ParentRunner$3.run(ParentRunner.java:290)
	at org.junit.runners.ParentRunner$1.schedule(ParentRunner.java:71)
	at org.junit.runners.ParentRunner.runChildren(ParentRunner.java:288)
	at org.junit.runners.ParentRunner.access$000(ParentRunner.java:58)
	at org.junit.runners.ParentRunner$2.evaluate(ParentRunner.java:268)
	at org.junit.runners.ParentRunner.run(ParentRunner.java:363)
	at org.eclipse.jdt.internal.junit4.runner.JUnit4TestReference.run(JUnit4TestReference.java:89)
	at org.eclipse.jdt.internal.junit.runner.TestExecution.run(TestExecution.java:41)
	at org.eclipse.jdt.internal.junit.runner.RemoteTestRunner.runTests(RemoteTestRunner.java:542)
	at org.eclipse.jdt.internal.junit.runner.RemoteTestRunner.runTests(RemoteTestRunner.java:770)
	at org.eclipse.jdt.internal.junit.runner.RemoteTestRunner.run(RemoteTestRunner.java:464)
	at org.eclipse.jdt.internal.junit.runner.RemoteTestRunner.main(RemoteTestRunner.java:210)

</failure>
  </testcase>
</testrun>
